Removed Pin From Net: NetName=GND Pin=LCD1-1
Removed Pin From Net: NetName=VCC Pin=LCD1-2
Removed Pin From Net: NetName=RS Pin=LCD1-4
Removed Pin From Net: NetName=R/W Pin=LCD1-5
Removed Pin From Net: NetName=E Pin=LCD1-6
Removed Pin From Net: NetName=VCC Pin=LCD1-15
Removed Pin From Net: NetName=GND Pin=LCD1-16
Removed Pin From Net: NetName=VCC Pin=RP1-2
Removed Pin From Net: NetName=VCC Pin=RP1-3
Removed Member From Class: ClassName=原理图 Member=JP5
Removed Member From Class: ClassName=原理图 Member=LCD1
Removed Member From Class: ClassName=原理图 Member=RP1
Change component parameters: Designator = "C1" ("C1"); Footprint = "CC 1.8*3.6"; UniqueID = "\WBFLERSU" ("\WBFLERSU")
Change component parameters (AddParameter): Name = "BOM名称"; Value = "直插瓷片电容"; VariantName = "[No Variations]"
Change component parameters (AddParameter): Name = "版权归属"; Value = "源创客"; VariantName = "[No Variations]"
Change component parameters (AddParameter): Name = "学习资源"; Value = "www.ooocke.com"; VariantName = "[No Variations]"
Change component parameters: Designator = "C2" ("C2"); Footprint = "CC 1.8*3.6"; UniqueID = "\OHNXDORT" ("\OHNXDORT")
Change component parameters (AddParameter): Name = "BOM名称"; Value = "直插瓷片电容"; VariantName = "[No Variations]"
Change component parameters (AddParameter): Name = "版权归属"; Value = "源创客"; VariantName = "[No Variations]"
Change component parameters (AddParameter): Name = "学习资源"; Value = "www.ooocke.com"; VariantName = "[No Variations]"
Change component parameters: Designator = "C4" ("C4"); Footprint = "CC 1.8*3.6"; UniqueID = "\TSSGPPPJ" ("\TSSGPPPJ")
Change component parameters (AddParameter): Name = "BOM名称"; Value = "直插瓷片电容"; VariantName = "[No Variations]"
Change component parameters (AddParameter): Name = "版权归属"; Value = "源创客"; VariantName = "[No Variations]"
Change component parameters (AddParameter): Name = "学习资源"; Value = "www.ooocke.com"; VariantName = "[No Variations]"
Change component parameters: Designator = "D1" ("D1"); Footprint = "SMA"; UniqueID = "\XRXFWIBU" ("\XRXFWIBU")
Change component parameters (AddParameter): Name = "BOM名称"; Value = "整流二极管"; VariantName = "[No Variations]"
Change component parameters (AddParameter): Name = "版权归属"; Value = "源创客"; VariantName = "[No Variations]"
Change component parameters (AddParameter): Name = "学习资源"; Value = "www.ooocke.com"; VariantName = "[No Variations]"
Change component parameters: Designator = "D2" ("D2"); Footprint = "SMA"; UniqueID = "\KEKNKRIW" ("\KEKNKRIW")
Change component parameters (AddParameter): Name = "BOM名称"; Value = "整流二极管"; VariantName = "[No Variations]"
Change component parameters (AddParameter): Name = "版权归属"; Value = "源创客"; VariantName = "[No Variations]"
Change component parameters (AddParameter): Name = "学习资源"; Value = "www.ooocke.com"; VariantName = "[No Variations]"
Change component parameters: Designator = "D3" ("D3"); Footprint = "SMA"; UniqueID = "\VTSBKFPZ" ("\VTSBKFPZ")
Change component parameters (AddParameter): Name = "BOM名称"; Value = "整流二极管"; VariantName = "[No Variations]"
Change component parameters (AddParameter): Name = "版权归属"; Value = "源创客"; VariantName = "[No Variations]"
Change component parameters (AddParameter): Name = "学习资源"; Value = "www.ooocke.com"; VariantName = "[No Variations]"
Change component parameters: Designator = "D4" ("D4"); Footprint = "SMA"; UniqueID = "\IVTWFWGT" ("\IVTWFWGT")
Change component parameters (AddParameter): Name = "BOM名称"; Value = "整流二极管"; VariantName = "[No Variations]"
Change component parameters (AddParameter): Name = "版权归属"; Value = "源创客"; VariantName = "[No Variations]"
Change component parameters (AddParameter): Name = "学习资源"; Value = "www.ooocke.com"; VariantName = "[No Variations]"
Change component parameters: Designator = "E1" ("E1"); Footprint = "CS 2.0*5*8 - C"; UniqueID = "\ZZQHDLEX" ("\ZZQHDLEX")
Change component parameters (AddParameter): Name = "BOM名称"; Value = "直插固态电容"; VariantName = "[No Variations]"
Change component parameters (AddParameter): Name = "版权归属"; Value = "源创客"; VariantName = "[No Variations]"
Change component parameters (AddParameter): Name = "学习资源"; Value = "www.ooocke.com"; VariantName = "[No Variations]"
Change component parameters: Designator = "E2" ("E2"); Footprint = "CS 2.0*5*8 - C"; UniqueID = "\ASNWZBWP" ("\ASNWZBWP")
Change component parameters (AddParameter): Name = "BOM名称"; Value = "直插固态电容"; VariantName = "[No Variations]"
Change component parameters (AddParameter): Name = "版权归属"; Value = "源创客"; VariantName = "[No Variations]"
Change component parameters (AddParameter): Name = "学习资源"; Value = "www.ooocke.com"; VariantName = "[No Variations]"
Change component parameters: Designator = "E3" ("E3"); Footprint = "CS 2.0*5*8 - C"; UniqueID = "\XIGBJAJZ" ("\XIGBJAJZ")
Change component parameters (AddParameter): Name = "BOM名称"; Value = "直插固态电容"; VariantName = "[No Variations]"
Change component parameters (AddParameter): Name = "版权归属"; Value = "源创客"; VariantName = "[No Variations]"
Change component parameters (AddParameter): Name = "学习资源"; Value = "www.ooocke.com"; VariantName = "[No Variations]"
Change component parameters: Designator = "E4" ("E4"); Footprint = "CS 2.0*5*8 - C"; UniqueID = "\EZGAVUSJ" ("\EZGAVUSJ")
Change component parameters (AddParameter): Name = "BOM名称"; Value = "直插固态电容"; VariantName = "[No Variations]"
Change component parameters (AddParameter): Name = "版权归属"; Value = "源创客"; VariantName = "[No Variations]"
Change component parameters (AddParameter): Name = "学习资源"; Value = "www.ooocke.com"; VariantName = "[No Variations]"
Change component parameters: Designator = "E5" ("E5"); Footprint = "CS 2.0*5*8 - C"; UniqueID = "\POEFYPUW" ("\POEFYPUW")
Change component parameters (AddParameter): Name = "BOM名称"; Value = "直插固态电容"; VariantName = "[No Variations]"
Change component parameters (AddParameter): Name = "版权归属"; Value = "源创客"; VariantName = "[No Variations]"
Change component parameters (AddParameter): Name = "学习资源"; Value = "www.ooocke.com"; VariantName = "[No Variations]"
Change component parameters: Designator = "E6" ("E6"); Footprint = "CS 2.0*5*8 - C"; UniqueID = "\LWKLTMIY" ("\LWKLTMIY")
Change component parameters (AddParameter): Name = "BOM名称"; Value = "直插固态电容"; VariantName = "[No Variations]"
Change component parameters (AddParameter): Name = "版权归属"; Value = "源创客"; VariantName = "[No Variations]"
Change component parameters (AddParameter): Name = "学习资源"; Value = "www.ooocke.com"; VariantName = "[No Variations]"
Change component parameters: Designator = "E7" ("E7"); Footprint = "CD A(3216)"; UniqueID = "\GMXFBOUT" ("\GMXFBOUT")
Change component parameters (AddParameter): Name = "BOM名称"; Value = "贴片钽电容"; VariantName = "[No Variations]"
Change component parameters (AddParameter): Name = "版权归属"; Value = "源创客"; VariantName = "[No Variations]"
Change component parameters (AddParameter): Name = "学习资源"; Value = "www.ooocke.com"; VariantName = "[No Variations]"
Change component parameters: Designator = "IC1" ("IC1"); Footprint = "SOP8_N"; UniqueID = "\BCGKBVUX" ("\BCGKBVUX")
Change component parameters (AddParameter): Name = "BOM名称"; Value = "电流检测芯片"; VariantName = "[No Variations]"
Change component parameters (AddParameter): Name = "版权归属"; Value = "源创客"; VariantName = "[No Variations]"
Change component parameters (AddParameter): Name = "学习资源"; Value = "www.ooocke.com"; VariantName = "[No Variations]"
Change component parameters: Designator = "JP1" ("JP1"); Footprint = "XH2.54-WI-2P"; UniqueID = "\WTJHIJVP" ("\WTJHIJVP")
Change component parameters (AddParameter): Name = "BOM名称"; Value = "2P接插件"; VariantName = "[No Variations]"
Change component parameters (AddParameter): Name = "版权归属"; Value = "源创客"; VariantName = "[No Variations]"
Change component parameters (AddParameter): Name = "学习资源"; Value = "www.ooocke.com"; VariantName = "[No Variations]"
Change component parameters: Designator = "JP2" ("JP2"); Footprint = "XH2.54-WI-3P"; UniqueID = "\NWXCSJPY" ("\NWXCSJPY")
Change component parameters (AddParameter): Name = "BOM名称"; Value = "3P接插件"; VariantName = "[No Variations]"
Change component parameters (AddParameter): Name = "版权归属"; Value = "源创客"; VariantName = "[No Variations]"
Change component parameters (AddParameter): Name = "学习资源"; Value = "www.ooocke.com"; VariantName = "[No Variations]"
Change component parameters: Designator = "JP3" ("JP3"); Footprint = "XH2.54-WI-3P"; UniqueID = "\TJLPUTRP" ("\TJLPUTRP")
Change component parameters (AddParameter): Name = "BOM名称"; Value = "3P接插件"; VariantName = "[No Variations]"
Change component parameters (AddParameter): Name = "版权归属"; Value = "源创客"; VariantName = "[No Variations]"
Change component parameters (AddParameter): Name = "学习资源"; Value = "www.ooocke.com"; VariantName = "[No Variations]"
Change component parameters: Designator = "JP4" ("JP4"); Footprint = "XH2.54-WI-2P"; UniqueID = "\FPKEMOAR" ("\FPKEMOAR")
Change component parameters (AddParameter): Name = "BOM名称"; Value = "2P接插件"; VariantName = "[No Variations]"
Change component parameters (AddParameter): Name = "版权归属"; Value = "源创客"; VariantName = "[No Variations]"
Change component parameters (AddParameter): Name = "学习资源"; Value = "www.ooocke.com"; VariantName = "[No Variations]"
Change component parameters: Designator = "PCF8591" ("PCF8591"); Footprint = "DIP16-300_MH"; UniqueID = "\YDWAGFIP" ("\YDWAGFIP")
Change component parameters (AddParameter): Name = "BOM名称"; Value = "8*2P接插件"; VariantName = "[No Variations]"
Change component parameters (AddParameter): Name = "版权归属"; Value = "源创客"; VariantName = "[No Variations]"
Change component parameters (AddParameter): Name = "学习资源"; Value = "www.ooocke.com"; VariantName = "[No Variations]"
Change component parameters: Designator = "R1" ("R1"); Footprint = "RX10-18*15*5"; UniqueID = "\XCMNRUJX" ("\XCMNRUJX")
Change component parameters (AddParameter): Name = "BOM名称"; Value = "大功率电阻"; VariantName = "[No Variations]"
Change component parameters (AddParameter): Name = "版权归属"; Value = "源创客"; VariantName = "[No Variations]"
Change component parameters (AddParameter): Name = "学习资源"; Value = "www.ooocke.com"; VariantName = "[No Variations]"
Change component parameters: Designator = "U1" ("U1"); Footprint = "DIP40-600"; UniqueID = "\ICNFNSXH" ("\ICNFNSXH")
Change component parameters (AddParameter): Name = "BOM名称"; Value = "STC单片机"; VariantName = "[No Variations]"
Change component parameters (AddParameter): Name = "版权归属"; Value = "源创客"; VariantName = "[No Variations]"
Change component parameters (AddParameter): Name = "学习资源"; Value = "www.ooocke.com"; VariantName = "[No Variations]"
Change component parameters: Designator = "P1" ("P1"); Footprint = "HDR1X3"; UniqueID = "\EMRESTNK" ("\EMRESTNK")
Change component parameters (AddParameter): Name = "LatestRevisionDate"; Value = "17-Jul-2002"; VariantName = "[No Variations]"
Change component parameters (AddParameter): Name = "LatestRevisionNote"; Value = "Re-released for DXP Platform."; VariantName = "[No Variations]"
Change component parameters (AddParameter): Name = "Publisher"; Value = "Altium Limited"; VariantName = "[No Variations]"
Change component parameters: Designator = "T1" ("T1"); Footprint = "DA10XC"; UniqueID = "\JAVFHQZD" ("\JAVFHQZD")
Change component parameters (AddParameter): Name = "ROM名称"; Value = "数字隔离变压器"; VariantName = "[No Variations]"
Change component parameters (AddParameter): Name = "版权归属"; Value = "源创客"; VariantName = "[No Variations]"
Change component parameters (AddParameter): Name = "学习资源"; Value = "www.ooocke.com"; VariantName = "[No Variations]"
Change component parameters: Designator = "Y1" ("Y1"); Footprint = "R38"; UniqueID = "\JYSYFAGS" ("\JYSYFAGS")
Change component parameters (AddParameter): Name = "LatestRevisionDate"; Value = "17-Jul-2002"; VariantName = "[No Variations]"
Change component parameters (AddParameter): Name = "LatestRevisionNote"; Value = "Re-released for DXP Platform."; VariantName = "[No Variations]"
Change component parameters (AddParameter): Name = "PackageDescription"; Value = "Crystal, Thru-Hole; 2 Leads; Body 3.1 x 8.2 mm (Dia.xH)"; VariantName = "[No Variations]"
Change component parameters (AddParameter): Name = "PackageReference"; Value = "R38"; VariantName = "[No Variations]"
Change component parameters (AddParameter): Name = "Published"; Value = "8-Jun-2000"; VariantName = "[No Variations]"
Change component parameters (AddParameter): Name = "Publisher"; Value = "Altium Limited"; VariantName = "[No Variations]"
Added Component: Designator=蓝牙模块(XH2.54-WI-4P)
Add component (AddParameter): Name = "BOM名称"; Value = "4P接插件"; VariantName = "[No Variations]"
Add component (AddParameter): Name = "版权归属"; Value = "源创客"; VariantName = "[No Variations]"
Add component (AddParameter): Name = "学习资源"; Value = "www.ooocke.com"; VariantName = "[No Variations]"
Added Pin To Net: NetName=P31 Pin=蓝牙模块-1
Added Pin To Net: NetName=P30 Pin=蓝牙模块-2
Added Pin To Net: NetName=GND Pin=蓝牙模块-3
Added Pin To Net: NetName=VCC Pin=蓝牙模块-4
Added Member To Class: ClassName=原理图 Member=Component 蓝牙模块 HDR-1X4
Added Room: Name=原理图
