C51 COMPILER V9.00   MAIN                                                                  03/08/2022 23:34:35 PAGE 1   


C51 COMPILER V9.00, COMPILATION OF MODULE MAIN
OBJECT MODULE PLACED IN .\Objects\main.obj
COMPILER INVOKED BY: D:\Keil_v5\C51\BIN\C51.EXE main.c OPTIMIZE(8,SPEED) BROWSE DEBUG OBJECTEXTEND PRINT(.\Listings\main
                    -.lst) TABS(2) OBJECT(.\Objects\main.obj)

line level    source

*** WARNING C500 IN LINE 1 OF MAIN.C: LICENSE ERROR (R208: RENEW LICENSE ID CODE (LIC))

   1          #include <reg51.H>
   2          
   3          
   4          //sbit P10 =P1^0;
   5          
   6          //#include <ds1602.c>
   7          #define uchar unsigned char 
   8          #define uint  unsigned int
   9          uchar cp,cp1;
  10          uint ad0,vale = 0,temp,temp_x;
  11          float I_vale,I_vale2[10],Izz = 0;
  12          
  13            #include <uart.c>
  14          //#include <display.c>
  15          #include <18b20.c>
  16          #include <PCF8591.c>
  17          
  18          #include <stdio.h>        //启用printf，将printf重映射到串口
  19          //#include <adc.c>
  20          //#include "key.c"
  21          
  22          bit bit1=0,flag;
  23          #include <stdio.h>        //启用printf，将printf重映射到串口
  24          
  25          void Timer_isr(void)interrupt 1
  26          {
  27   1        
  28   1        
  29   1          TH0 =0xf7;
  30   1        TL0 =0x5c;
  31   1        cp++;
  32   1      
  33   1        
  34   1        if(cp >= 200)
  35   1        {
  36   2          
  37   2          cp = 0;
  38   2          cp1++;
  39   2          
  40   2               if(cp1 == 8)
  41   2          {
  42   3                
  43   3          temp = get_temp();
  44   3          
  45   3          temp_x = c*6.25;
  46   3      //      I_vale2[vale]  =  temp +  temp_x;
  47   3      //      vale++;
  48   3      //      if(vale >= 10)   vale = 0;
  49   3          }
  50   2      
  51   2        
  52   2          if(cp1 >= 10)
  53   2          {
C51 COMPILER V9.00   MAIN                                                                  03/08/2022 23:34:35 PAGE 2   

  54   3      //    ad0 = read_pcf8591(0x40);
  55   3      //    I_vale  =   (float)  ad0 *5/255;
  56   3      
  57   3            
  58   3            cp1 = 0;
  59   3            
  60   3          }
  61   2        }
  62   1        
  63   1      }
  64          void Timer_Init()
  65          {
  66   1          TMOD = 0x01;
  67   1        TH0 =0xf7;
  68   1        TL0 =0x5c;
  69   1      //  TH1 =65525/256;
  70   1      //  TL1 =65525%256;
  71   1      //TR1 = 1;
  72   1        TR0 = 1;
  73   1      //  ET1 = 1;
  74   1        ET0 = 1;
  75   1      
  76   1        EA =1;
  77   1      }
  78            void delayus(uint x)  //延时函数
  79          {
  80   1        while(x--);
  81   1      }
  82          void main()
  83          {
  84   1        Timer_Init();
  85   1      //   init_1602();
  86   1      //  LCD_clr1602();
  87   1      //  delayus(20000);
  88   1          uart_init();
  89   1         init_24c04();
  90   1        DS18B20_init();
  91   1            TI = 1;
  92   1      //    temp = get_temp();
  93   1      //    temp = get_temp();
  94   1        while(1)
  95   1        {
  96   2           
  97   2        
  98   2           
  99   2      
 100   2         TI = 1;
 101   2           printf("\r\ntemp:%d.%d",temp,temp_x);
 102   2             TI = 0;
 103   2      //         TI = 1;
 104   2      //      printf("\r\nI:%f",I_vale);
 105   2      //      TI = 0;
 106   2        
 107   2          delayus(2000);
 108   2          
 109   2         
 110   2        
 111   2        }
 112   1      }


MODULE INFORMATION:   STATIC OVERLAYABLE
C51 COMPILER V9.00   MAIN                                                                  03/08/2022 23:34:35 PAGE 3   

   CODE SIZE        =    536    ----
   CONSTANT SIZE    =     13    ----
   XDATA SIZE       =   ----    ----
   PDATA SIZE       =   ----    ----
   DATA SIZE        =     61       3
   IDATA SIZE       =   ----    ----
   BIT SIZE         =      3    ----
END OF MODULE INFORMATION.


C51 COMPILATION COMPLETE.  1 WARNING(S),  0 ERROR(S)
